<?xml version="1.0" encoding="UTF-8"?>
<testsuite xmlns:xsi="http://www.w3.org/2001/XMLSchema-instance" xsi:noNamespaceSchemaLocation="https://maven.apache.org/surefire/maven-surefire-plugin/xsd/surefire-test-report.xsd" version="3.0.2" name="org.example.BlogBackendApplicationTests" time="3.404" tests="1" errors="0" skipped="0" failures="0">
  <properties>
    <property name="java.specification.version" value="17"/>
    <property name="sun.cpu.isalist" value="amd64"/>
    <property name="sun.jnu.encoding" value="GBK"/>
    <property name="java.class.path" value="E:\Java_study\blog-backend\target\test-classes;E:\Java_study\blog-backend\target\classes;e:\apache-maven-3.9.4\mvn_repo\org\springframework\boot\spring-boot-starter-web\3.4.5\spring-boot-starter-web-3.4.5.jar;e:\apache-maven-3.9.4\mvn_repo\org\springframework\boot\spring-boot-starter\3.4.5\spring-boot-starter-3.4.5.jar;e:\apache-maven-3.9.4\mvn_repo\org\springframework\boot\spring-boot-starter-logging\3.4.5\spring-boot-starter-logging-3.4.5.jar;e:\apache-maven-3.9.4\mvn_repo\ch\qos\logback\logback-classic\1.5.18\logback-classic-1.5.18.jar;e:\apache-maven-3.9.4\mvn_repo\ch\qos\logback\logback-core\1.5.18\logback-core-1.5.18.jar;e:\apache-maven-3.9.4\mvn_repo\org\apache\logging\log4j\log4j-to-slf4j\2.24.3\log4j-to-slf4j-2.24.3.jar;e:\apache-maven-3.9.4\mvn_repo\org\apache\logging\log4j\log4j-api\2.24.3\log4j-api-2.24.3.jar;e:\apache-maven-3.9.4\mvn_repo\org\slf4j\jul-to-slf4j\2.0.17\jul-to-slf4j-2.0.17.jar;e:\apache-maven-3.9.4\mvn_repo\jakarta\annotation\jakarta.annotation-api\2.1.1\jakarta.annotation-api-2.1.1.jar;e:\apache-maven-3.9.4\mvn_repo\org\yaml\snakeyaml\2.3\snakeyaml-2.3.jar;e:\apache-maven-3.9.4\mvn_repo\org\springframework\boot\spring-boot-starter-json\3.4.5\spring-boot-starter-json-3.4.5.jar;e:\apache-maven-3.9.4\mvn_repo\com\fasterxml\jackson\datatype\jackson-datatype-jdk8\2.18.3\jackson-datatype-jdk8-2.18.3.jar;e:\apache-maven-3.9.4\mvn_repo\com\fasterxml\jackson\datatype\jackson-datatype-jsr310\2.18.3\jackson-datatype-jsr310-2.18.3.jar;e:\apache-maven-3.9.4\mvn_repo\com\fasterxml\jackson\module\jackson-module-parameter-names\2.18.3\jackson-module-parameter-names-2.18.3.jar;e:\apache-maven-3.9.4\mvn_repo\org\springframework\boot\spring-boot-starter-tomcat\3.4.5\spring-boot-starter-tomcat-3.4.5.jar;e:\apache-maven-3.9.4\mvn_repo\org\apache\tomcat\embed\tomcat-embed-core\10.1.40\tomcat-embed-core-10.1.40.jar;e:\apache-maven-3.9.4\mvn_repo\org\apache\tomcat\embed\tomcat-embed-el\10.1.40\tomcat-embed-el-10.1.40.jar;e:\apache-maven-3.9.4\mvn_repo\org\apache\tomcat\embed\tomcat-embed-websocket\10.1.40\tomcat-embed-websocket-10.1.40.jar;e:\apache-maven-3.9.4\mvn_repo\org\springframework\spring-web\6.2.6\spring-web-6.2.6.jar;e:\apache-maven-3.9.4\mvn_repo\org\springframework\spring-beans\6.2.6\spring-beans-6.2.6.jar;e:\apache-maven-3.9.4\mvn_repo\io\micrometer\micrometer-observation\1.14.6\micrometer-observation-1.14.6.jar;e:\apache-maven-3.9.4\mvn_repo\io\micrometer\micrometer-commons\1.14.6\micrometer-commons-1.14.6.jar;e:\apache-maven-3.9.4\mvn_repo\org\springframework\spring-webmvc\6.2.6\spring-webmvc-6.2.6.jar;e:\apache-maven-3.9.4\mvn_repo\org\springframework\spring-context\6.2.6\spring-context-6.2.6.jar;e:\apache-maven-3.9.4\mvn_repo\org\springframework\spring-expression\6.2.6\spring-expression-6.2.6.jar;e:\apache-maven-3.9.4\mvn_repo\org\mybatis\spring\boot\mybatis-spring-boot-starter\3.0.4\mybatis-spring-boot-starter-3.0.4.jar;e:\apache-maven-3.9.4\mvn_repo\org\springframework\boot\spring-boot-starter-jdbc\3.4.5\spring-boot-starter-jdbc-3.4.5.jar;e:\apache-maven-3.9.4\mvn_repo\com\zaxxer\HikariCP\5.1.0\HikariCP-5.1.0.jar;e:\apache-maven-3.9.4\mvn_repo\org\springframework\spring-jdbc\6.2.6\spring-jdbc-6.2.6.jar;e:\apache-maven-3.9.4\mvn_repo\org\mybatis\spring\boot\mybatis-spring-boot-autoconfigure\3.0.4\mybatis-spring-boot-autoconfigure-3.0.4.jar;e:\apache-maven-3.9.4\mvn_repo\org\mybatis\mybatis\3.5.17\mybatis-3.5.17.jar;e:\apache-maven-3.9.4\mvn_repo\org\mybatis\mybatis-spring\3.0.4\mybatis-spring-3.0.4.jar;e:\apache-maven-3.9.4\mvn_repo\org\springframework\boot\spring-boot-devtools\3.4.5\spring-boot-devtools-3.4.5.jar;e:\apache-maven-3.9.4\mvn_repo\org\springframework\boot\spring-boot\3.4.5\spring-boot-3.4.5.jar;e:\apache-maven-3.9.4\mvn_repo\org\springframework\boot\spring-boot-autoconfigure\3.4.5\spring-boot-autoconfigure-3.4.5.jar;e:\apache-maven-3.9.4\mvn_repo\com\mysql\mysql-connector-j\9.1.0\mysql-connector-j-9.1.0.jar;e:\apache-maven-3.9.4\mvn_repo\org\projectlombok\lombok\1.18.38\lombok-1.18.38.jar;e:\apache-maven-3.9.4\mvn_repo\org\springframework\boot\spring-boot-starter-test\3.4.5\spring-boot-starter-test-3.4.5.jar;e:\apache-maven-3.9.4\mvn_repo\org\springframework\boot\spring-boot-test\3.4.5\spring-boot-test-3.4.5.jar;e:\apache-maven-3.9.4\mvn_repo\org\springframework\boot\spring-boot-test-autoconfigure\3.4.5\spring-boot-test-autoconfigure-3.4.5.jar;e:\apache-maven-3.9.4\mvn_repo\com\jayway\jsonpath\json-path\2.9.0\json-path-2.9.0.jar;e:\apache-maven-3.9.4\mvn_repo\org\slf4j\slf4j-api\2.0.17\slf4j-api-2.0.17.jar;e:\apache-maven-3.9.4\mvn_repo\jakarta\xml\bind\jakarta.xml.bind-api\4.0.2\jakarta.xml.bind-api-4.0.2.jar;e:\apache-maven-3.9.4\mvn_repo\jakarta\activation\jakarta.activation-api\2.1.3\jakarta.activation-api-2.1.3.jar;e:\apache-maven-3.9.4\mvn_repo\net\minidev\json-smart\2.5.2\json-smart-2.5.2.jar;e:\apache-maven-3.9.4\mvn_repo\net\minidev\accessors-smart\2.5.2\accessors-smart-2.5.2.jar;e:\apache-maven-3.9.4\mvn_repo\org\ow2\asm\asm\9.7.1\asm-9.7.1.jar;e:\apache-maven-3.9.4\mvn_repo\org\assertj\assertj-core\3.26.3\assertj-core-3.26.3.jar;e:\apache-maven-3.9.4\mvn_repo\net\bytebuddy\byte-buddy\1.15.11\byte-buddy-1.15.11.jar;e:\apache-maven-3.9.4\mvn_repo\org\awaitility\awaitility\4.2.2\awaitility-4.2.2.jar;e:\apache-maven-3.9.4\mvn_repo\org\hamcrest\hamcrest\2.2\hamcrest-2.2.jar;e:\apache-maven-3.9.4\mvn_repo\org\junit\jupiter\junit-jupiter\5.11.4\junit-jupiter-5.11.4.jar;e:\apache-maven-3.9.4\mvn_repo\org\junit\jupiter\junit-jupiter-api\5.11.4\junit-jupiter-api-5.11.4.jar;e:\apache-maven-3.9.4\mvn_repo\org\opentest4j\opentest4j\1.3.0\opentest4j-1.3.0.jar;e:\apache-maven-3.9.4\mvn_repo\org\junit\platform\junit-platform-commons\1.11.4\junit-platform-commons-1.11.4.jar;e:\apache-maven-3.9.4\mvn_repo\org\apiguardian\apiguardian-api\1.1.2\apiguardian-api-1.1.2.jar;e:\apache-maven-3.9.4\mvn_repo\org\junit\jupiter\junit-jupiter-params\5.11.4\junit-jupiter-params-5.11.4.jar;e:\apache-maven-3.9.4\mvn_repo\org\junit\jupiter\junit-jupiter-engine\5.11.4\junit-jupiter-engine-5.11.4.jar;e:\apache-maven-3.9.4\mvn_repo\org\junit\platform\junit-platform-engine\1.11.4\junit-platform-engine-1.11.4.jar;e:\apache-maven-3.9.4\mvn_repo\org\mockito\mockito-core\5.14.2\mockito-core-5.14.2.jar;e:\apache-maven-3.9.4\mvn_repo\net\bytebuddy\byte-buddy-agent\1.15.11\byte-buddy-agent-1.15.11.jar;e:\apache-maven-3.9.4\mvn_repo\org\objenesis\objenesis\3.3\objenesis-3.3.jar;e:\apache-maven-3.9.4\mvn_repo\org\mockito\mockito-junit-jupiter\5.14.2\mockito-junit-jupiter-5.14.2.jar;e:\apache-maven-3.9.4\mvn_repo\org\skyscreamer\jsonassert\1.5.3\jsonassert-1.5.3.jar;e:\apache-maven-3.9.4\mvn_repo\com\vaadin\external\google\android-json\0.0.20131108.vaadin1\android-json-0.0.20131108.vaadin1.jar;e:\apache-maven-3.9.4\mvn_repo\org\springframework\spring-core\6.2.6\spring-core-6.2.6.jar;e:\apache-maven-3.9.4\mvn_repo\org\springframework\spring-jcl\6.2.6\spring-jcl-6.2.6.jar;e:\apache-maven-3.9.4\mvn_repo\org\springframework\spring-test\6.2.6\spring-test-6.2.6.jar;e:\apache-maven-3.9.4\mvn_repo\org\xmlunit\xmlunit-core\2.10.0\xmlunit-core-2.10.0.jar;e:\apache-maven-3.9.4\mvn_repo\org\mybatis\spring\boot\mybatis-spring-boot-starter-test\3.0.4\mybatis-spring-boot-starter-test-3.0.4.jar;e:\apache-maven-3.9.4\mvn_repo\org\mybatis\spring\boot\mybatis-spring-boot-test-autoconfigure\3.0.4\mybatis-spring-boot-test-autoconfigure-3.0.4.jar;e:\apache-maven-3.9.4\mvn_repo\org\springframework\spring-tx\6.2.6\spring-tx-6.2.6.jar;e:\apache-maven-3.9.4\mvn_repo\io\jsonwebtoken\jjwt-api\0.11.5\jjwt-api-0.11.5.jar;e:\apache-maven-3.9.4\mvn_repo\io\jsonwebtoken\jjwt-impl\0.11.5\jjwt-impl-0.11.5.jar;e:\apache-maven-3.9.4\mvn_repo\io\jsonwebtoken\jjwt-jackson\0.11.5\jjwt-jackson-0.11.5.jar;e:\apache-maven-3.9.4\mvn_repo\com\fasterxml\jackson\core\jackson-databind\2.18.3\jackson-databind-2.18.3.jar;e:\apache-maven-3.9.4\mvn_repo\com\fasterxml\jackson\core\jackson-annotations\2.18.3\jackson-annotations-2.18.3.jar;e:\apache-maven-3.9.4\mvn_repo\com\fasterxml\jackson\core\jackson-core\2.18.3\jackson-core-2.18.3.jar;e:\apache-maven-3.9.4\mvn_repo\com\github\pagehelper\pagehelper-spring-boot-starter\1.4.6\pagehelper-spring-boot-starter-1.4.6.jar;e:\apache-maven-3.9.4\mvn_repo\com\github\pagehelper\pagehelper-spring-boot-autoconfigure\1.4.6\pagehelper-spring-boot-autoconfigure-1.4.6.jar;e:\apache-maven-3.9.4\mvn_repo\com\github\pagehelper\pagehelper\5.3.2\pagehelper-5.3.2.jar;e:\apache-maven-3.9.4\mvn_repo\com\github\jsqlparser\jsqlparser\4.5\jsqlparser-4.5.jar;e:\apache-maven-3.9.4\mvn_repo\org\springframework\boot\spring-boot-starter-mail\3.4.5\spring-boot-starter-mail-3.4.5.jar;e:\apache-maven-3.9.4\mvn_repo\org\springframework\spring-context-support\6.2.6\spring-context-support-6.2.6.jar;e:\apache-maven-3.9.4\mvn_repo\org\eclipse\angus\jakarta.mail\2.0.3\jakarta.mail-2.0.3.jar;e:\apache-maven-3.9.4\mvn_repo\org\eclipse\angus\angus-activation\2.0.2\angus-activation-2.0.2.jar;e:\apache-maven-3.9.4\mvn_repo\org\springframework\boot\spring-boot-starter-data-redis\3.4.5\spring-boot-starter-data-redis-3.4.5.jar;e:\apache-maven-3.9.4\mvn_repo\io\lettuce\lettuce-core\6.4.2.RELEASE\lettuce-core-6.4.2.RELEASE.jar;e:\apache-maven-3.9.4\mvn_repo\io\netty\netty-common\4.1.119.Final\netty-common-4.1.119.Final.jar;e:\apache-maven-3.9.4\mvn_repo\io\netty\netty-handler\4.1.119.Final\netty-handler-4.1.119.Final.jar;e:\apache-maven-3.9.4\mvn_repo\io\netty\netty-resolver\4.1.119.Final\netty-resolver-4.1.119.Final.jar;e:\apache-maven-3.9.4\mvn_repo\io\netty\netty-buffer\4.1.119.Final\netty-buffer-4.1.119.Final.jar;e:\apache-maven-3.9.4\mvn_repo\io\netty\netty-transport-native-unix-common\4.1.119.Final\netty-transport-native-unix-common-4.1.119.Final.jar;e:\apache-maven-3.9.4\mvn_repo\io\netty\netty-codec\4.1.119.Final\netty-codec-4.1.119.Final.jar;e:\apache-maven-3.9.4\mvn_repo\io\netty\netty-transport\4.1.119.Final\netty-transport-4.1.119.Final.jar;e:\apache-maven-3.9.4\mvn_repo\io\projectreactor\reactor-core\3.7.5\reactor-core-3.7.5.jar;e:\apache-maven-3.9.4\mvn_repo\org\reactivestreams\reactive-streams\1.0.4\reactive-streams-1.0.4.jar;e:\apache-maven-3.9.4\mvn_repo\org\springframework\data\spring-data-redis\3.4.5\spring-data-redis-3.4.5.jar;e:\apache-maven-3.9.4\mvn_repo\org\springframework\data\spring-data-keyvalue\3.4.5\spring-data-keyvalue-3.4.5.jar;e:\apache-maven-3.9.4\mvn_repo\org\springframework\data\spring-data-commons\3.4.5\spring-data-commons-3.4.5.jar;e:\apache-maven-3.9.4\mvn_repo\org\springframework\spring-oxm\6.2.6\spring-oxm-6.2.6.jar;e:\apache-maven-3.9.4\mvn_repo\org\springframework\boot\spring-boot-starter-security\3.4.5\spring-boot-starter-security-3.4.5.jar;e:\apache-maven-3.9.4\mvn_repo\org\springframework\spring-aop\6.2.6\spring-aop-6.2.6.jar;e:\apache-maven-3.9.4\mvn_repo\org\springframework\security\spring-security-config\6.4.5\spring-security-config-6.4.5.jar;e:\apache-maven-3.9.4\mvn_repo\org\springframework\security\spring-security-core\6.4.5\spring-security-core-6.4.5.jar;e:\apache-maven-3.9.4\mvn_repo\org\springframework\security\spring-security-crypto\6.4.5\spring-security-crypto-6.4.5.jar;e:\apache-maven-3.9.4\mvn_repo\org\springframework\security\spring-security-web\6.4.5\spring-security-web-6.4.5.jar;e:\apache-maven-3.9.4\mvn_repo\com\sun\mail\jakarta.mail\2.0.1\jakarta.mail-2.0.1.jar;e:\apache-maven-3.9.4\mvn_repo\com\sun\activation\jakarta.activation\2.0.1\jakarta.activation-2.0.1.jar;"/>
    <property name="java.vm.vendor" value="Oracle Corporation"/>
    <property name="sun.arch.data.model" value="64"/>
    <property name="user.variant" value=""/>
    <property name="java.vendor.url" value="https://java.oracle.com/"/>
    <property name="user.timezone" value="Asia/Shanghai"/>
    <property name="os.name" value="Windows 10"/>
    <property name="java.vm.specification.version" value="17"/>
    <property name="sun.java.launcher" value="SUN_STANDARD"/>
    <property name="user.country" value="CN"/>
    <property name="sun.boot.library.path" value="E:\Java\bin"/>
    <property name="sun.java.command" value="C:\Users\Linshiyi\AppData\Local\Temp\surefire356762937216467090\surefirebooter-20250630174342396_3.jar C:\Users\Linshiyi\AppData\Local\Temp\surefire356762937216467090 2025-06-30T17-43-42_302-jvmRun1 surefire-20250630174342396_1tmp surefire_0-20250630174342396_2tmp"/>
    <property name="jdk.debug" value="release"/>
    <property name="surefire.test.class.path" value="E:\Java_study\blog-backend\target\test-classes;E:\Java_study\blog-backend\target\classes;e:\apache-maven-3.9.4\mvn_repo\org\springframework\boot\spring-boot-starter-web\3.4.5\spring-boot-starter-web-3.4.5.jar;e:\apache-maven-3.9.4\mvn_repo\org\springframework\boot\spring-boot-starter\3.4.5\spring-boot-starter-3.4.5.jar;e:\apache-maven-3.9.4\mvn_repo\org\springframework\boot\spring-boot-starter-logging\3.4.5\spring-boot-starter-logging-3.4.5.jar;e:\apache-maven-3.9.4\mvn_repo\ch\qos\logback\logback-classic\1.5.18\logback-classic-1.5.18.jar;e:\apache-maven-3.9.4\mvn_repo\ch\qos\logback\logback-core\1.5.18\logback-core-1.5.18.jar;e:\apache-maven-3.9.4\mvn_repo\org\apache\logging\log4j\log4j-to-slf4j\2.24.3\log4j-to-slf4j-2.24.3.jar;e:\apache-maven-3.9.4\mvn_repo\org\apache\logging\log4j\log4j-api\2.24.3\log4j-api-2.24.3.jar;e:\apache-maven-3.9.4\mvn_repo\org\slf4j\jul-to-slf4j\2.0.17\jul-to-slf4j-2.0.17.jar;e:\apache-maven-3.9.4\mvn_repo\jakarta\annotation\jakarta.annotation-api\2.1.1\jakarta.annotation-api-2.1.1.jar;e:\apache-maven-3.9.4\mvn_repo\org\yaml\snakeyaml\2.3\snakeyaml-2.3.jar;e:\apache-maven-3.9.4\mvn_repo\org\springframework\boot\spring-boot-starter-json\3.4.5\spring-boot-starter-json-3.4.5.jar;e:\apache-maven-3.9.4\mvn_repo\com\fasterxml\jackson\datatype\jackson-datatype-jdk8\2.18.3\jackson-datatype-jdk8-2.18.3.jar;e:\apache-maven-3.9.4\mvn_repo\com\fasterxml\jackson\datatype\jackson-datatype-jsr310\2.18.3\jackson-datatype-jsr310-2.18.3.jar;e:\apache-maven-3.9.4\mvn_repo\com\fasterxml\jackson\module\jackson-module-parameter-names\2.18.3\jackson-module-parameter-names-2.18.3.jar;e:\apache-maven-3.9.4\mvn_repo\org\springframework\boot\spring-boot-starter-tomcat\3.4.5\spring-boot-starter-tomcat-3.4.5.jar;e:\apache-maven-3.9.4\mvn_repo\org\apache\tomcat\embed\tomcat-embed-core\10.1.40\tomcat-embed-core-10.1.40.jar;e:\apache-maven-3.9.4\mvn_repo\org\apache\tomcat\embed\tomcat-embed-el\10.1.40\tomcat-embed-el-10.1.40.jar;e:\apache-maven-3.9.4\mvn_repo\org\apache\tomcat\embed\tomcat-embed-websocket\10.1.40\tomcat-embed-websocket-10.1.40.jar;e:\apache-maven-3.9.4\mvn_repo\org\springframework\spring-web\6.2.6\spring-web-6.2.6.jar;e:\apache-maven-3.9.4\mvn_repo\org\springframework\spring-beans\6.2.6\spring-beans-6.2.6.jar;e:\apache-maven-3.9.4\mvn_repo\io\micrometer\micrometer-observation\1.14.6\micrometer-observation-1.14.6.jar;e:\apache-maven-3.9.4\mvn_repo\io\micrometer\micrometer-commons\1.14.6\micrometer-commons-1.14.6.jar;e:\apache-maven-3.9.4\mvn_repo\org\springframework\spring-webmvc\6.2.6\spring-webmvc-6.2.6.jar;e:\apache-maven-3.9.4\mvn_repo\org\springframework\spring-context\6.2.6\spring-context-6.2.6.jar;e:\apache-maven-3.9.4\mvn_repo\org\springframework\spring-expression\6.2.6\spring-expression-6.2.6.jar;e:\apache-maven-3.9.4\mvn_repo\org\mybatis\spring\boot\mybatis-spring-boot-starter\3.0.4\mybatis-spring-boot-starter-3.0.4.jar;e:\apache-maven-3.9.4\mvn_repo\org\springframework\boot\spring-boot-starter-jdbc\3.4.5\spring-boot-starter-jdbc-3.4.5.jar;e:\apache-maven-3.9.4\mvn_repo\com\zaxxer\HikariCP\5.1.0\HikariCP-5.1.0.jar;e:\apache-maven-3.9.4\mvn_repo\org\springframework\spring-jdbc\6.2.6\spring-jdbc-6.2.6.jar;e:\apache-maven-3.9.4\mvn_repo\org\mybatis\spring\boot\mybatis-spring-boot-autoconfigure\3.0.4\mybatis-spring-boot-autoconfigure-3.0.4.jar;e:\apache-maven-3.9.4\mvn_repo\org\mybatis\mybatis\3.5.17\mybatis-3.5.17.jar;e:\apache-maven-3.9.4\mvn_repo\org\mybatis\mybatis-spring\3.0.4\mybatis-spring-3.0.4.jar;e:\apache-maven-3.9.4\mvn_repo\org\springframework\boot\spring-boot-devtools\3.4.5\spring-boot-devtools-3.4.5.jar;e:\apache-maven-3.9.4\mvn_repo\org\springframework\boot\spring-boot\3.4.5\spring-boot-3.4.5.jar;e:\apache-maven-3.9.4\mvn_repo\org\springframework\boot\spring-boot-autoconfigure\3.4.5\spring-boot-autoconfigure-3.4.5.jar;e:\apache-maven-3.9.4\mvn_repo\com\mysql\mysql-connector-j\9.1.0\mysql-connector-j-9.1.0.jar;e:\apache-maven-3.9.4\mvn_repo\org\projectlombok\lombok\1.18.38\lombok-1.18.38.jar;e:\apache-maven-3.9.4\mvn_repo\org\springframework\boot\spring-boot-starter-test\3.4.5\spring-boot-starter-test-3.4.5.jar;e:\apache-maven-3.9.4\mvn_repo\org\springframework\boot\spring-boot-test\3.4.5\spring-boot-test-3.4.5.jar;e:\apache-maven-3.9.4\mvn_repo\org\springframework\boot\spring-boot-test-autoconfigure\3.4.5\spring-boot-test-autoconfigure-3.4.5.jar;e:\apache-maven-3.9.4\mvn_repo\com\jayway\jsonpath\json-path\2.9.0\json-path-2.9.0.jar;e:\apache-maven-3.9.4\mvn_repo\org\slf4j\slf4j-api\2.0.17\slf4j-api-2.0.17.jar;e:\apache-maven-3.9.4\mvn_repo\jakarta\xml\bind\jakarta.xml.bind-api\4.0.2\jakarta.xml.bind-api-4.0.2.jar;e:\apache-maven-3.9.4\mvn_repo\jakarta\activation\jakarta.activation-api\2.1.3\jakarta.activation-api-2.1.3.jar;e:\apache-maven-3.9.4\mvn_repo\net\minidev\json-smart\2.5.2\json-smart-2.5.2.jar;e:\apache-maven-3.9.4\mvn_repo\net\minidev\accessors-smart\2.5.2\accessors-smart-2.5.2.jar;e:\apache-maven-3.9.4\mvn_repo\org\ow2\asm\asm\9.7.1\asm-9.7.1.jar;e:\apache-maven-3.9.4\mvn_repo\org\assertj\assertj-core\3.26.3\assertj-core-3.26.3.jar;e:\apache-maven-3.9.4\mvn_repo\net\bytebuddy\byte-buddy\1.15.11\byte-buddy-1.15.11.jar;e:\apache-maven-3.9.4\mvn_repo\org\awaitility\awaitility\4.2.2\awaitility-4.2.2.jar;e:\apache-maven-3.9.4\mvn_repo\org\hamcrest\hamcrest\2.2\hamcrest-2.2.jar;e:\apache-maven-3.9.4\mvn_repo\org\junit\jupiter\junit-jupiter\5.11.4\junit-jupiter-5.11.4.jar;e:\apache-maven-3.9.4\mvn_repo\org\junit\jupiter\junit-jupiter-api\5.11.4\junit-jupiter-api-5.11.4.jar;e:\apache-maven-3.9.4\mvn_repo\org\opentest4j\opentest4j\1.3.0\opentest4j-1.3.0.jar;e:\apache-maven-3.9.4\mvn_repo\org\junit\platform\junit-platform-commons\1.11.4\junit-platform-commons-1.11.4.jar;e:\apache-maven-3.9.4\mvn_repo\org\apiguardian\apiguardian-api\1.1.2\apiguardian-api-1.1.2.jar;e:\apache-maven-3.9.4\mvn_repo\org\junit\jupiter\junit-jupiter-params\5.11.4\junit-jupiter-params-5.11.4.jar;e:\apache-maven-3.9.4\mvn_repo\org\junit\jupiter\junit-jupiter-engine\5.11.4\junit-jupiter-engine-5.11.4.jar;e:\apache-maven-3.9.4\mvn_repo\org\junit\platform\junit-platform-engine\1.11.4\junit-platform-engine-1.11.4.jar;e:\apache-maven-3.9.4\mvn_repo\org\mockito\mockito-core\5.14.2\mockito-core-5.14.2.jar;e:\apache-maven-3.9.4\mvn_repo\net\bytebuddy\byte-buddy-agent\1.15.11\byte-buddy-agent-1.15.11.jar;e:\apache-maven-3.9.4\mvn_repo\org\objenesis\objenesis\3.3\objenesis-3.3.jar;e:\apache-maven-3.9.4\mvn_repo\org\mockito\mockito-junit-jupiter\5.14.2\mockito-junit-jupiter-5.14.2.jar;e:\apache-maven-3.9.4\mvn_repo\org\skyscreamer\jsonassert\1.5.3\jsonassert-1.5.3.jar;e:\apache-maven-3.9.4\mvn_repo\com\vaadin\external\google\android-json\0.0.20131108.vaadin1\android-json-0.0.20131108.vaadin1.jar;e:\apache-maven-3.9.4\mvn_repo\org\springframework\spring-core\6.2.6\spring-core-6.2.6.jar;e:\apache-maven-3.9.4\mvn_repo\org\springframework\spring-jcl\6.2.6\spring-jcl-6.2.6.jar;e:\apache-maven-3.9.4\mvn_repo\org\springframework\spring-test\6.2.6\spring-test-6.2.6.jar;e:\apache-maven-3.9.4\mvn_repo\org\xmlunit\xmlunit-core\2.10.0\xmlunit-core-2.10.0.jar;e:\apache-maven-3.9.4\mvn_repo\org\mybatis\spring\boot\mybatis-spring-boot-starter-test\3.0.4\mybatis-spring-boot-starter-test-3.0.4.jar;e:\apache-maven-3.9.4\mvn_repo\org\mybatis\spring\boot\mybatis-spring-boot-test-autoconfigure\3.0.4\mybatis-spring-boot-test-autoconfigure-3.0.4.jar;e:\apache-maven-3.9.4\mvn_repo\org\springframework\spring-tx\6.2.6\spring-tx-6.2.6.jar;e:\apache-maven-3.9.4\mvn_repo\io\jsonwebtoken\jjwt-api\0.11.5\jjwt-api-0.11.5.jar;e:\apache-maven-3.9.4\mvn_repo\io\jsonwebtoken\jjwt-impl\0.11.5\jjwt-impl-0.11.5.jar;e:\apache-maven-3.9.4\mvn_repo\io\jsonwebtoken\jjwt-jackson\0.11.5\jjwt-jackson-0.11.5.jar;e:\apache-maven-3.9.4\mvn_repo\com\fasterxml\jackson\core\jackson-databind\2.18.3\jackson-databind-2.18.3.jar;e:\apache-maven-3.9.4\mvn_repo\com\fasterxml\jackson\core\jackson-annotations\2.18.3\jackson-annotations-2.18.3.jar;e:\apache-maven-3.9.4\mvn_repo\com\fasterxml\jackson\core\jackson-core\2.18.3\jackson-core-2.18.3.jar;e:\apache-maven-3.9.4\mvn_repo\com\github\pagehelper\pagehelper-spring-boot-starter\1.4.6\pagehelper-spring-boot-starter-1.4.6.jar;e:\apache-maven-3.9.4\mvn_repo\com\github\pagehelper\pagehelper-spring-boot-autoconfigure\1.4.6\pagehelper-spring-boot-autoconfigure-1.4.6.jar;e:\apache-maven-3.9.4\mvn_repo\com\github\pagehelper\pagehelper\5.3.2\pagehelper-5.3.2.jar;e:\apache-maven-3.9.4\mvn_repo\com\github\jsqlparser\jsqlparser\4.5\jsqlparser-4.5.jar;e:\apache-maven-3.9.4\mvn_repo\org\springframework\boot\spring-boot-starter-mail\3.4.5\spring-boot-starter-mail-3.4.5.jar;e:\apache-maven-3.9.4\mvn_repo\org\springframework\spring-context-support\6.2.6\spring-context-support-6.2.6.jar;e:\apache-maven-3.9.4\mvn_repo\org\eclipse\angus\jakarta.mail\2.0.3\jakarta.mail-2.0.3.jar;e:\apache-maven-3.9.4\mvn_repo\org\eclipse\angus\angus-activation\2.0.2\angus-activation-2.0.2.jar;e:\apache-maven-3.9.4\mvn_repo\org\springframework\boot\spring-boot-starter-data-redis\3.4.5\spring-boot-starter-data-redis-3.4.5.jar;e:\apache-maven-3.9.4\mvn_repo\io\lettuce\lettuce-core\6.4.2.RELEASE\lettuce-core-6.4.2.RELEASE.jar;e:\apache-maven-3.9.4\mvn_repo\io\netty\netty-common\4.1.119.Final\netty-common-4.1.119.Final.jar;e:\apache-maven-3.9.4\mvn_repo\io\netty\netty-handler\4.1.119.Final\netty-handler-4.1.119.Final.jar;e:\apache-maven-3.9.4\mvn_repo\io\netty\netty-resolver\4.1.119.Final\netty-resolver-4.1.119.Final.jar;e:\apache-maven-3.9.4\mvn_repo\io\netty\netty-buffer\4.1.119.Final\netty-buffer-4.1.119.Final.jar;e:\apache-maven-3.9.4\mvn_repo\io\netty\netty-transport-native-unix-common\4.1.119.Final\netty-transport-native-unix-common-4.1.119.Final.jar;e:\apache-maven-3.9.4\mvn_repo\io\netty\netty-codec\4.1.119.Final\netty-codec-4.1.119.Final.jar;e:\apache-maven-3.9.4\mvn_repo\io\netty\netty-transport\4.1.119.Final\netty-transport-4.1.119.Final.jar;e:\apache-maven-3.9.4\mvn_repo\io\projectreactor\reactor-core\3.7.5\reactor-core-3.7.5.jar;e:\apache-maven-3.9.4\mvn_repo\org\reactivestreams\reactive-streams\1.0.4\reactive-streams-1.0.4.jar;e:\apache-maven-3.9.4\mvn_repo\org\springframework\data\spring-data-redis\3.4.5\spring-data-redis-3.4.5.jar;e:\apache-maven-3.9.4\mvn_repo\org\springframework\data\spring-data-keyvalue\3.4.5\spring-data-keyvalue-3.4.5.jar;e:\apache-maven-3.9.4\mvn_repo\org\springframework\data\spring-data-commons\3.4.5\spring-data-commons-3.4.5.jar;e:\apache-maven-3.9.4\mvn_repo\org\springframework\spring-oxm\6.2.6\spring-oxm-6.2.6.jar;e:\apache-maven-3.9.4\mvn_repo\org\springframework\boot\spring-boot-starter-security\3.4.5\spring-boot-starter-security-3.4.5.jar;e:\apache-maven-3.9.4\mvn_repo\org\springframework\spring-aop\6.2.6\spring-aop-6.2.6.jar;e:\apache-maven-3.9.4\mvn_repo\org\springframework\security\spring-security-config\6.4.5\spring-security-config-6.4.5.jar;e:\apache-maven-3.9.4\mvn_repo\org\springframework\security\spring-security-core\6.4.5\spring-security-core-6.4.5.jar;e:\apache-maven-3.9.4\mvn_repo\org\springframework\security\spring-security-crypto\6.4.5\spring-security-crypto-6.4.5.jar;e:\apache-maven-3.9.4\mvn_repo\org\springframework\security\spring-security-web\6.4.5\spring-security-web-6.4.5.jar;e:\apache-maven-3.9.4\mvn_repo\com\sun\mail\jakarta.mail\2.0.1\jakarta.mail-2.0.1.jar;e:\apache-maven-3.9.4\mvn_repo\com\sun\activation\jakarta.activation\2.0.1\jakarta.activation-2.0.1.jar;"/>
    <property name="sun.cpu.endian" value="little"/>
    <property name="user.home" value="C:\Users\Linshiyi"/>
    <property name="user.language" value="zh"/>
    <property name="java.specification.vendor" value="Oracle Corporation"/>
    <property name="java.version.date" value="2022-10-18"/>
    <property name="java.home" value="E:\Java"/>
    <property name="file.separator" value="\"/>
    <property name="basedir" value="E:\Java_study\blog-backend"/>
    <property name="java.vm.compressedOopsMode" value="Zero based"/>
    <property name="line.separator" value="&#10;"/>
    <property name="java.vm.specification.vendor" value="Oracle Corporation"/>
    <property name="java.specification.name" value="Java Platform API Specification"/>
    <property name="FILE_LOG_CHARSET" value="GBK"/>
    <property name="java.awt.headless" value="true"/>
    <property name="surefire.real.class.path" value="C:\Users\Linshiyi\AppData\Local\Temp\surefire356762937216467090\surefirebooter-20250630174342396_3.jar"/>
    <property name="user.script" value=""/>
    <property name="sun.management.compiler" value="HotSpot 64-Bit Tiered Compilers"/>
    <property name="java.runtime.version" value="17.0.5+9-LTS-191"/>
    <property name="user.name" value="Linshiyi"/>
    <property name="path.separator" value=";"/>
    <property name="os.version" value="10.0"/>
    <property name="java.runtime.name" value="Java(TM) SE Runtime Environment"/>
    <property name="file.encoding" value="GBK"/>
    <property name="java.vm.name" value="Java HotSpot(TM) 64-Bit Server VM"/>
    <property name="localRepository" value="e:\apache-maven-3.9.4\mvn_repo"/>
    <property name="java.vendor.url.bug" value="https://bugreport.java.com/bugreport/"/>
    <property name="java.io.tmpdir" value="C:\Users\Linshiyi\AppData\Local\Temp\"/>
    <property name="idea.version" value="2024.1.7"/>
    <property name="java.version" value="17.0.5"/>
    <property name="user.dir" value="E:\Java_study\blog-backend"/>
    <property name="os.arch" value="amd64"/>
    <property name="java.vm.specification.name" value="Java Virtual Machine Specification"/>
    <property name="PID" value="2752"/>
    <property name="sun.os.patch.level" value=""/>
    <property name="CONSOLE_LOG_CHARSET" value="GBK"/>
    <property name="native.encoding" value="GBK"/>
    <property name="java.library.path" value="E:\Java\bin;C:\Windows\Sun\Java\bin;C:\Windows\system32;C:\Windows;C:\ProgramData\Oracle\Java\javapath;C:\Program Files (x86)\VMware\VMware Workstation\bin\;C:\Windows\system32;C:\Windows;C:\Windows\System32\Wbem;C:\Windows\System32\WindowsPowerShell\v1.0\;C:\Windows\System32\OpenSSH\;C:\Program Files\dotnet\;E:\Java\bin;E:\apache-maven-3.9.4\bin;C:\Program Files\MySQL\MySQL Server 8.4\bin;C:\Program Files\Git\cmd;E:\nodejs\;E:\微信web开发者工具\dll;C:\Users\Linshiyi\AppData\Local\Programs\Python\Python38\Scripts\;C:\Users\Linshiyi\AppData\Local\Programs\Python\Python38\;C:\Users\Linshiyi\AppData\Local\Microsoft\WindowsApps;E:\Microsoft VS Code\bin;E:\IntelliJ IDEA\bin;;C:\Users\Linshiyi\AppData\Roaming\npm;E:\PyCharm\bin;;."/>
    <property name="java.vm.info" value="mixed mode, sharing"/>
    <property name="java.vendor" value="Oracle Corporation"/>
    <property name="java.vm.version" value="17.0.5+9-LTS-191"/>
    <property name="sun.io.unicode.encoding" value="UnicodeLittle"/>
    <property name="java.class.version" value="61.0"/>
  </properties>
  <testcase name="test" classname="org.example.BlogBackendApplicationTests" time="0.941">
    <system-out><![CDATA[17:43:42.943 [main] INFO org.springframework.test.context.support.AnnotationConfigContextLoaderUtils -- Could not detect default configuration classes for test class [org.example.BlogBackendApplicationTests]: BlogBackendApplicationTests does not declare any static, non-private, non-final, nested classes annotated with @Configuration.
17:43:43.016 [main] INFO org.springframework.boot.test.context.SpringBootTestContextBootstrapper -- Found @SpringBootConfiguration org.example.BlogBackendApplication for test class org.example.BlogBackendApplicationTests
17:43:43.152 [main] INFO org.springframework.boot.devtools.restart.RestartApplicationListener -- Restart disabled due to context in which it is running

  .   ____          _            __ _ _
 /\\ / ___'_ __ _ _(_)_ __  __ _ \ \ \ \
( ( )\___ | '_ | '_| | '_ \/ _` | \ \ \ \
 \\/  ___)| |_)| | | | | || (_| |  ) ) ) )
  '  |____| .__|_| |_|_| |_\__, | / / / /
 =========|_|==============|___/=/_/_/_/

 :: Spring Boot ::                (v3.4.5)

2025-06-30 17:43:43 [main] INFO  o.e.BlogBackendApplicationTests - Starting BlogBackendApplicationTests using Java 17.0.5 with PID 2752 (started by Linshiyi in E:\Java_study\blog-backend)
2025-06-30 17:43:43 [main] INFO  o.e.BlogBackendApplicationTests - No active profile set, falling back to 1 default profile: "default"
2025-06-30 17:43:43 [main] INFO  o.s.d.r.c.RepositoryConfigurationDelegate - Multiple Spring Data modules found, entering strict repository configuration mode
2025-06-30 17:43:43 [main] INFO  o.s.d.r.c.RepositoryConfigurationDelegate - Bootstrapping Spring Data Redis repositories in DEFAULT mode.
2025-06-30 17:43:43 [main] INFO  o.s.d.r.c.RepositoryConfigurationDelegate - Finished Spring Data repository scanning in 8 ms. Found 0 Redis repository interfaces.
2025-06-30 17:43:44 [main] INFO  o.s.s.c.a.a.c.InitializeUserDetailsBeanManagerConfigurer$InitializeUserDetailsManagerConfigurer - Global AuthenticationManager configured with UserDetailsService bean with name inMemoryUserDetailsManager
2025-06-30 17:43:45 [main] INFO  o.e.BlogBackendApplicationTests - Started BlogBackendApplicationTests in 2.152 seconds (process running for 2.825)
false
true
]]></system-out>
  </testcase>
</testsuite>